\BOOKMARK [1][-]{section.1}{Functional and Non-Functional Requirements}{}% 1
\BOOKMARK [2][-]{subsection.1.1}{Functional Requirements}{section.1}% 2
\BOOKMARK [2][-]{subsection.1.2}{Non-Functional Requirements}{section.1}% 3
\BOOKMARK [2][-]{subsection.1.3}{Safety, Security and Reliability Requirements}{section.1}% 4
\BOOKMARK [3][-]{subsubsection.1.3.1}{Safety Requirements}{subsection.1.3}% 5
\BOOKMARK [3][-]{subsubsection.1.3.2}{Security Requirements}{subsection.1.3}% 6
\BOOKMARK [3][-]{subsubsection.1.3.3}{Reliability Requirements}{subsection.1.3}% 7
\BOOKMARK [1][-]{section.2}{Project Planning}{}% 8
\BOOKMARK [2][-]{subsection.2.1}{Project Estimation}{section.2}% 9
\BOOKMARK [3][-]{subsubsection.2.1.1}{Function Points}{subsection.2.1}% 10
\BOOKMARK [3][-]{subsubsection.2.1.2}{Transactions}{subsection.2.1}% 11
\BOOKMARK [3][-]{subsubsection.2.1.3}{Internal Logical Files}{subsection.2.1}% 12
\BOOKMARK [3][-]{subsubsection.2.1.4}{Estimation of Effort}{subsection.2.1}% 13
\BOOKMARK [2][-]{subsection.2.2}{Group Organization}{section.2}% 14
\BOOKMARK [2][-]{subsection.2.3}{Responsibilities of the Team Members}{section.2}% 15
\BOOKMARK [2][-]{subsection.2.4}{Project Risk Analysis}{section.2}% 16
\BOOKMARK [2][-]{subsection.2.5}{Setup and Description of Development Environments}{section.2}% 17
\BOOKMARK [1][-]{section.3}{Design}{}% 18
\BOOKMARK [2][-]{subsection.3.1}{Use Case Diagram}{section.3}% 19
\BOOKMARK [2][-]{subsection.3.2}{Sequence Diagrams}{section.3}% 20
\BOOKMARK [2][-]{subsection.3.3}{Architecture}{section.3}% 21
\BOOKMARK [3][-]{subsubsection.3.3.1}{Component Diagram}{subsection.3.3}% 22
\BOOKMARK [3][-]{subsubsection.3.3.2}{Sensortags}{subsection.3.3}% 23
\BOOKMARK [3][-]{subsubsection.3.3.3}{PC\137Application}{subsection.3.3}% 24
\BOOKMARK [3][-]{subsubsection.3.3.4}{Interfaces}{subsection.3.3}% 25
\BOOKMARK [1][-]{section.4}{SensorTag Development}{}% 26
\BOOKMARK [2][-]{subsection.4.1}{Dead SensorTags}{section.4}% 27
\BOOKMARK [2][-]{subsection.4.2}{Desktop Application Development}{section.4}% 28
\BOOKMARK [2][-]{subsection.4.3}{Gyroscope}{section.4}% 29
\BOOKMARK [2][-]{subsection.4.4}{Machine Learning}{section.4}% 30
\BOOKMARK [2][-]{subsection.4.5}{Graphical User Interface}{section.4}% 31
\BOOKMARK [2][-]{subsection.4.6}{Desktop Application Development}{section.4}% 32
\BOOKMARK [1][-]{section.5}{Measurement Chainprodspec}{}% 33
\BOOKMARK [2][-]{subsection.5.1}{Accelerometer}{section.5}% 34
\BOOKMARK [2][-]{subsection.5.2}{Gyroscope}{section.5}% 35
\BOOKMARK [1][-]{section.6}{Fall Detection Algorithm}{}% 36
